<?xml version="1.0" encoding="UTF-8"?>
<!-- Generated by org.testng.reporters.JUnitReportReporter -->
<testsuite hostname="DESKTOP-ARREN61" failures="0" tests="1" name="driverFactory.AppTest" time="64.688" errors="0" timestamp="2024-03-21T12:36:10 IST" skipped="0">
  <testcase classname="driverFactory.AppTest" name="startTest" time="64.688">
    <system-out>
      <![CDATA[no of rows are::5
Customer-00000003530=================Customer-00000003530
Customer-00000003531=================Customer-00000003531
Customer-00000003532=================Customer-00000003532
Customer-00000003533=================Customer-00000003533
Customer-00000003534=================Customer-00000003534]]>
    </system-out>
  </testcase> <!-- startTest -->
  <system-out>
    <![CDATA[no of rows are::5
Customer-00000003530=================Customer-00000003530
Customer-00000003531=================Customer-00000003531
Customer-00000003532=================Customer-00000003532
Customer-00000003533=================Customer-00000003533
Customer-00000003534=================Customer-00000003534]]>
  </system-out>
</testsuite> <!-- driverFactory.AppTest -->
